<?xml version="1.0" encoding="UTF-8"?>
<!-- Generated by org.testng.reporters.JUnitReportReporter -->
<testsuite hostname="Tapank.local" name="com.assign2.testCases.HomePageTest" tests="3" failures="0" timestamp="8 Aug 2019 11:57:42 GMT" time="110.887" errors="0">
  <testcase name="getWaterMarkTextTest" time="11.108" classname="com.assign2.testCases.HomePageTest"/>
  <testcase name="printAllLinks" time="17.640" classname="com.assign2.testCases.HomePageTest"/>
  <testcase name="searchFuncitonTest" time="82.139" classname="com.assign2.testCases.HomePageTest"/>
</testsuite> <!-- com.assign2.testCases.HomePageTest -->
